--
-- first, define the datatype.  Turn off echoing so that expected file
-- does not depend on contents of citext.sql.
--
SET client_min_messages = warning;
SET
\set ECHO none
SET
CREATE TYPE
CREATE FUNCTION
CREATE FUNCTION
CREATE FUNCTION
CREATE FUNCTION
CREATE FUNCTION
CREATE FUNCTION
CREATE TYPE
CREATE FUNCTION
CREATE FUNCTION
CREATE FUNCTION
CREATE FUNCTION
CREATE FUNCTION
CREATE FUNCTION
CREATE FUNCTION
CREATE FUNCTION
CREATE OPERATOR
CREATE OPERATOR
CREATE OPERATOR
CREATE OPERATOR
CREATE OPERATOR
CREATE OPERATOR
CREATE CAST
CREATE CAST
CREATE OPERATOR CLASS
CREATE OPERATOR CLASS
COMMENT
RESET
